info it worked if it ends with ok
verbose cli [ 'C:\\Program Files\\nodejs\\\\node.exe',
verbose cli   'C:\\Program Files\\nodejs\\node_modules\\npm\\bin\\npm-cli.js',
verbose cli   'install' ]
info using npm@1.1.0-beta-10
info using node@v0.6.7
verbose config file C:\Users\dongchimi\.npmrc
verbose config file C:\Program Files\nodejs\etc\npmrc
verbose config file C:\Program Files\nodejs\node_modules\npm\npmrc
verbose mkdir done: C:\Users\dongchimi\AppData\Roaming\npm 755
verbose mkdir done: D:\egun-money\dev\workspace\EgunTag 755
ERR! Couldn't read dependencies.
ERR! Error: ENOENT, no such file or directory 'D:\egun-money\dev\workspace\EgunTag\package.json'
ERR! Report this *entire* log at:
ERR!     <http://github.com/isaacs/npm/issues>
ERR! or email it to:
ERR!     <npm-@googlegroups.com>
ERR! 
ERR! System Windows_NT 6.1.7600
ERR! command "C:\\Program Files\\nodejs\\\\node.exe" "C:\\Program Files\\nodejs\\node_modules\\npm\\bin\\npm-cli.js" "install"
ERR! cwd D:\egun-money\dev\workspace\EgunTag
ERR! node -v v0.6.7
ERR! npm -v 1.1.0-beta-10
ERR! path D:\egun-money\dev\workspace\EgunTag\package.json
ERR! code ENOENT
ERR! message ENOENT, no such file or directory 'D:\egun-money\dev\workspace\EgunTag\package.json'
verbose exit [ 1, true ]
